#
# A fatal error has been detected by the Java Runtime Environment:
#
#  SIGSEGV (0xb) at pc=0x00007fff966d5fc9, pid=11419, tid=25351
#
# JRE version: Java(TM) SE Runtime Environment (8.0_45-b14) (build 1.8.0_45-b14)
# Java VM: Java HotSpot(TM) 64-Bit Server VM (25.45-b02 mixed mode bsd-amd64 compressed oops)
# Problematic frame:
# C  [libsystem_platform.dylib+0x4fc9]  _platform_memmove$VARIANT$Unknown+0x29
#
# Failed to write core dump. Core dumps have been disabled. To enable core dumping, try "ulimit -c unlimited" before starting Java again
#
# If you would like to submit a bug report, please visit:
#   http://bugreport.java.com/bugreport/crash.jsp
# The crash happened outside the Java Virtual Machine in native code.
# See problematic frame for where to report the bug.
#

---------------  T H R E A D  ---------------

Current thread (0x00007f9a2e414000):  JavaThread "Timer-1" daemon [_thread_in_native, id=25351, stack(0x0000000127913000,0x0000000127a13000)]

siginfo: si_signo: 11 (SIGSEGV), si_code: 1 (SEGV_MAPERR), si_addr: 0x00000001271be000

Registers:
RAX=0x00007f9a3519e602, RBX=0x00000001271b257a, RCX=0x0000000000001090, RDX=0x0000000000006974
RSP=0x0000000127a102d0, RBP=0x0000000127a102d0, RSI=0x00000001271be000, RDI=0x00007f9a351a3ee6
R8 =0x0000000000000000, R9 =0x0000000000000007, R10=0x00000000c763d39a, R11=0x00007f990dfe5ee6
R12=0x000000002f6f6164, R13=0x00000000706d692f, R14=0x000000006f6e6e61, R15=0x0000000000006974
RIP=0x00007fff966d5fc9, EFLAGS=0x0000000000010206, ERR=0x0000000000000004
  TRAPNO=0x000000000000000e

Top of Stack: (sp=0x0000000127a102d0)
0x0000000127a102d0:   0000000127a10340 0000000106fe0086
0x0000000127a102e0:   0000007427a10310 0000000000000069
0x0000000127a102f0:   0000000000006e6f 00007f9a351e2c00
0x0000000127a10300:   0000000000006174 00007f9a2bfdfdd0
0x0000000127a10310:   00007f9a2d663ee0 00007f9a2bfdfdd0
0x0000000127a10320:   00007f9a2e5e5400 0000000000000340
0x0000000127a10330:   00000000f19561bc 00007f9a2d56c260
0x0000000127a10340:   0000000127a103a0 0000000106fe0554
0x0000000127a10350:   0000000127a103eb 0000000127a103ea
0x0000000127a10360:   0000002b00000000 0000002c01414000
0x0000000127a10370:   0000000127a103be 0000000127a10808
0x0000000127a10380:   000000000000002c 0000000127a103be
0x0000000127a10390:   00007f9a2bfdfdd0 00007f9a2e4141f8
0x0000000127a103a0:   0000000127a107f0 0000000106fdf34f
0x0000000127a103b0:   00000007ffffffff 6f63006300000001
0x0000000127a103c0:   2f7673736f6a2f6d 726f77656d617266
0x0000000127a103d0:   61442f6f61642f6b 79726f746361466f
0x0000000127a103e0:   616c632e6c706d49 0000000127007373
0x0000000127a103f0:   0000000127a105c0 00000001083b3249
0x0000000127a10400:   0000000127a108a0 00000001093d9ec4
0x0000000127a10410:   0000000122a7cb30 0000000128436690
0x0000000127a10420:   00000007c03c9bb8 0000000122a67240
0x0000000127a10430:   0000000000000063 00000001098c81f4
0x0000000127a10440:   0000000000000000 000000076b05f2a0
0x0000000127a10450:   0000000000000000 0000000000000000
0x0000000127a10460:   00007f9a2e414000 00000007c03a6d00
0x0000000127a10470:   0000000127a104f0 00000001083b19b9
0x0000000127a10480:   00000001284377e8 00007f9a2bed94b0
0x0000000127a10490:   0000000127a104f0 00000001083b23b2
0x0000000127a104a0:   0000000100000000 00000001284377e8
0x0000000127a104b0:   0000000122244ed8 00007f9a2e414000
0x0000000127a104c0:   0000000122244ed8 0000000122244ed8 

Instructions: (pc=0x00007fff966d5fc9)
0x00007fff966d5fa9:   f3 48 89 f8 49 39 d3 72 1b 48 83 fa 60 76 2f 48
0x00007fff966d5fb9:   81 fa 00 40 00 00 0f 82 bb 00 00 00 48 89 d1 fc
0x00007fff966d5fc9:   f3 a4 5d c3 48 39 fe 74 f9 48 01 d6 48 01 d7 48
0x00007fff966d5fd9:   83 fa 60 0f 82 5c 01 00 00 e9 79 01 00 00 48 83 

Register to memory mapping:

RAX=0x00007f9a3519e602 is an unknown value
RBX=0x00000001271b257a is an unknown value
RCX=0x0000000000001090 is an unknown value
RDX=0x0000000000006974 is an unknown value
RSP=0x0000000127a102d0 is pointing into the stack for thread: 0x00007f9a2e414000
RBP=0x0000000127a102d0 is pointing into the stack for thread: 0x00007f9a2e414000
RSI=0x00000001271be000 is an unknown value
RDI=0x00007f9a351a3ee6 is an unknown value
R8 =0x0000000000000000 is an unknown value
R9 =0x0000000000000007 is an unknown value
R10=0x00000000c763d39a is an unknown value
R11=0x00007f990dfe5ee6 is an unknown value
R12=0x000000002f6f6164 is an unknown value
R13=0x00000000706d692f is an unknown value
R14=0x000000006f6e6e61 is an unknown value
R15=0x0000000000006974 is an unknown value


Stack: [0x0000000127913000,0x0000000127a13000],  sp=0x0000000127a102d0,  free space=1012k
Native frames: (J=compiled Java code, j=interpreted, Vv=VM code, C=native code)
C  [libsystem_platform.dylib+0x4fc9]  _platform_memmove$VARIANT$Unknown+0x29
C  [libzip.dylib+0x3086]  newEntry+0x321
C  [libzip.dylib+0x3554]  ZIP_GetEntry2+0xd4
C  [libzip.dylib+0x234f]  Java_java_util_zip_ZipFile_getEntry+0xcf
J 126  java.util.zip.ZipFile.getEntry(J[BZ)J (0 bytes) @ 0x00000001092068ce [0x0000000109206800+0xce]
J 138 C1 java.util.zip.ZipFile.getEntry(Ljava/lang/String;)Ljava/util/zip/ZipEntry; (86 bytes) @ 0x0000000109209f2c [0x0000000109209cc0+0x26c]
J 187 C1 java.util.jar.JarFile.getEntry(Ljava/lang/String;)Ljava/util/zip/ZipEntry; (22 bytes) @ 0x000000010922cb74 [0x000000010922cae0+0x94]
j  sun.net.www.protocol.jar.URLJarFile.getEntry(Ljava/lang/String;)Ljava/util/zip/ZipEntry;+2
j  sun.net.www.protocol.jar.JarURLConnection.connect()V+62
J 4328 C1 sun.net.www.protocol.jar.JarURLConnection.getInputStream()Ljava/io/InputStream; (97 bytes) @ 0x0000000109c3241c [0x0000000109c32380+0x9c]
j  java.net.URLClassLoader.getResourceAsStream(Ljava/lang/String;)Ljava/io/InputStream;+18
j  java.lang.Class.getResourceAsStream(Ljava/lang/String;)Ljava/io/InputStream;+22
j  org.springframework.core.LocalVariableTableParameterNameDiscoverer.inspectClass(Ljava/lang/Class;)Ljava/util/Map;+5
j  org.springframework.core.LocalVariableTableParameterNameDiscoverer.getParameterNames(Ljava/lang/reflect/Constructor;)[Ljava/lang/String;+25
j  org.springframework.core.PrioritizedParameterNameDiscoverer.getParameterNames(Ljava/lang/reflect/Constructor;)[Ljava/lang/String;+31
j  org.springframework.beans.factory.support.ConstructorResolver.autowireConstructor(Ljava/lang/String;Lorg/springframework/beans/factory/support/RootBeanDefinition;[Ljava/lang/reflect/Constructor;[Ljava/lang/Object;)Lorg/springframework/beans/BeanWrapper;+393
j  org.springframework.beans.factory.support.AbstractAutowireCapableBeanFactory.autowireConstructor(Ljava/lang/String;Lorg/springframework/beans/factory/support/RootBeanDefinition;[Ljava/lang/reflect/Constructor;[Ljava/lang/Object;)Lorg/springframework/beans/BeanWrapper;+13
j  org.springframework.beans.factory.support.AbstractAutowireCapableBeanFactory.createBeanInstance(Ljava/lang/String;Lorg/springframework/beans/factory/support/RootBeanDefinition;[Ljava/lang/Object;)Lorg/springframework/beans/BeanWrapper;+202
j  org.springframework.beans.factory.support.AbstractAutowireCapableBeanFactory.doCreateBean(Ljava/lang/String;Lorg/springframework/beans/factory/support/RootBeanDefinition;[Ljava/lang/Object;)Ljava/lang/Object;+34
j  org.springframework.beans.factory.support.AbstractAutowireCapableBeanFactory.createBean(Ljava/lang/String;Lorg/springframework/beans/factory/support/RootBeanDefinition;[Ljava/lang/Object;)Ljava/lang/Object;+169
j  org.springframework.beans.factory.support.AbstractBeanFactory$1.getObject()Ljava/lang/Object;+16
j  org.springframework.beans.factory.support.DefaultSingletonBeanRegistry.getSingleton(Ljava/lang/String;Lorg/springframework/beans/factory/ObjectFactory;)Ljava/lang/Object;+132
j  org.springframework.beans.factory.support.AbstractBeanFactory.doGetBean(Ljava/lang/String;Ljava/lang/Class;[Ljava/lang/Object;Z)Ljava/lang/Object;+375
j  org.springframework.beans.factory.support.AbstractBeanFactory.getBean(Ljava/lang/String;)Ljava/lang/Object;+5
j  org.springframework.beans.factory.support.BeanDefinitionValueResolver.resolveReference(Ljava/lang/Object;Lorg/springframework/beans/factory/config/RuntimeBeanReference;)Ljava/lang/Object;+95
j  org.springframework.beans.factory.support.BeanDefinitionValueResolver.resolveValueIfNecessary(Ljava/lang/Object;Ljava/lang/Object;)Ljava/lang/Object;+15
j  org.springframework.beans.factory.support.AbstractAutowireCapableBeanFactory.applyPropertyValues(Ljava/lang/String;Lorg/springframework/beans/factory/config/BeanDefinition;Lorg/springframework/beans/BeanWrapper;Lorg/springframework/beans/PropertyValues;)V+238
j  org.springframework.beans.factory.support.AbstractAutowireCapableBeanFactory.populateBean(Ljava/lang/String;Lorg/springframework/beans/factory/support/RootBeanDefinition;Lorg/springframework/beans/BeanWrapper;)V+342
j  org.springframework.beans.factory.support.AbstractAutowireCapableBeanFactory.doCreateBean(Ljava/lang/String;Lorg/springframework/beans/factory/support/RootBeanDefinition;[Ljava/lang/Object;)Ljava/lang/Object;+222
j  org.springframework.beans.factory.support.AbstractAutowireCapableBeanFactory.createBean(Ljava/lang/String;Lorg/springframework/beans/factory/support/RootBeanDefinition;[Ljava/lang/Object;)Ljava/lang/Object;+169
j  org.springframework.beans.factory.support.AbstractBeanFactory$1.getObject()Ljava/lang/Object;+16
j  org.springframework.beans.factory.support.DefaultSingletonBeanRegistry.getSingleton(Ljava/lang/String;Lorg/springframework/beans/factory/ObjectFactory;)Ljava/lang/Object;+132
j  org.springframework.beans.factory.support.AbstractBeanFactory.doGetBean(Ljava/lang/String;Ljava/lang/Class;[Ljava/lang/Object;Z)Ljava/lang/Object;+375
j  org.springframework.beans.factory.support.AbstractBeanFactory.getBean(Ljava/lang/String;)Ljava/lang/Object;+5
j  org.springframework.beans.factory.support.BeanDefinitionValueResolver.resolveReference(Ljava/lang/Object;Lorg/springframework/beans/factory/config/RuntimeBeanReference;)Ljava/lang/Object;+95
j  org.springframework.beans.factory.support.BeanDefinitionValueResolver.resolveValueIfNecessary(Ljava/lang/Object;Ljava/lang/Object;)Ljava/lang/Object;+15
j  org.springframework.beans.factory.support.AbstractAutowireCapableBeanFactory.applyPropertyValues(Ljava/lang/String;Lorg/springframework/beans/factory/config/BeanDefinition;Lorg/springframework/beans/BeanWrapper;Lorg/springframework/beans/PropertyValues;)V+238
j  org.springframework.beans.factory.support.AbstractAutowireCapableBeanFactory.populateBean(Ljava/lang/String;Lorg/springframework/beans/factory/support/RootBeanDefinition;Lorg/springframework/beans/BeanWrapper;)V+342
j  org.springframework.beans.factory.support.AbstractAutowireCapableBeanFactory.doCreateBean(Ljava/lang/String;Lorg/springframework/beans/factory/support/RootBeanDefinition;[Ljava/lang/Object;)Ljava/lang/Object;+222
j  org.springframework.beans.factory.support.AbstractAutowireCapableBeanFactory.createBean(Ljava/lang/String;Lorg/springframework/beans/factory/support/RootBeanDefinition;[Ljava/lang/Object;)Ljava/lang/Object;+169
j  org.springframework.beans.factory.support.AbstractBeanFactory$1.getObject()Ljava/lang/Object;+16
j  org.springframework.beans.factory.support.DefaultSingletonBeanRegistry.getSingleton(Ljava/lang/String;Lorg/springframework/beans/factory/ObjectFactory;)Ljava/lang/Object;+132
j  org.springframework.beans.factory.support.AbstractBeanFactory.doGetBean(Ljava/lang/String;Ljava/lang/Class;[Ljava/lang/Object;Z)Ljava/lang/Object;+375
j  org.springframework.beans.factory.support.AbstractBeanFactory.getBean(Ljava/lang/String;)Ljava/lang/Object;+5
j  org.springframework.beans.factory.support.DefaultListableBeanFactory.preInstantiateSingletons()V+231
j  org.springframework.context.support.AbstractApplicationContext.finishBeanFactoryInitialization(Lorg/springframework/beans/factory/config/ConfigurableListableBeanFactory;)V+103
j  org.springframework.context.support.AbstractApplicationContext.refresh()V+54
j  org.springframework.web.context.ContextLoader.configureAndRefreshWebApplicationContext(Lorg/springframework/web/context/ConfigurableWebApplicationContext;Ljavax/servlet/ServletContext;)V+135
j  org.springframework.web.context.ContextLoader.initWebApplicationContext(Ljavax/servlet/ServletContext;)Lorg/springframework/web/context/WebApplicationContext;+132
j  org.springframework.web.context.ContextLoaderListener.contextInitialized(Ljavax/servlet/ServletContextEvent;)V+5
j  org.mortbay.jetty.handler.ContextHandler.startContext()V+62
j  org.mortbay.jetty.servlet.Context.startContext()V+1
j  org.mortbay.jetty.webapp.WebAppContext.startContext()V+123
j  org.mortbay.jetty.handler.ContextHandler.doStart()V+120
j  org.mortbay.jetty.webapp.WebAppContext.doStart()V+170
j  org.mortbay.jetty.plugin.Jetty6PluginWebAppContext.doStart()V+6
j  org.mortbay.component.AbstractLifeCycle.start()V+15
j  org.mortbay.jetty.plugin.AbstractJettyRunMojo$1.filesChanged(Ljava/util/List;)V+255
j  org.mortbay.util.Scanner.reportBulkChanges(Ljava/util/List;)V+38
j  org.mortbay.util.Scanner.reportDifferences(Ljava/util/Map;Ljava/util/Map;)V+345
j  org.mortbay.util.Scanner.scan()V+11
j  org.mortbay.util.Scanner$1.run()V+4
j  java.util.TimerThread.mainLoop()V+221
j  java.util.TimerThread.run()V+1
v  ~StubRoutines::call_stub
V  [libjvm.dylib+0x2e032a]  JavaCalls::call_helper(JavaValue*, methodHandle*, JavaCallArguments*, Thread*)+0x6ae
V  [libjvm.dylib+0x2e0ab8]  JavaCalls::call_virtual(JavaValue*, KlassHandle, Symbol*, Symbol*, JavaCallArguments*, Thread*)+0x164
V  [libjvm.dylib+0x2e0c64]  JavaCalls::call_virtual(JavaValue*, Handle, KlassHandle, Symbol*, Symbol*, Thread*)+0x4a
V  [libjvm.dylib+0x3331a5]  thread_entry(JavaThread*, Thread*)+0x7c
V  [libjvm.dylib+0x549acf]  JavaThread::thread_main_inner()+0x9b
V  [libjvm.dylib+0x54b1c0]  JavaThread::run()+0x1c2
V  [libjvm.dylib+0x46ea7e]  java_start(Thread*)+0xf6
C  [libsystem_pthread.dylib+0x405a]  _pthread_body+0x83
C  [libsystem_pthread.dylib+0x3fd7]  _pthread_body+0x0
C  [libsystem_pthread.dylib+0x13ed]  thread_start+0xd
C  0x0000000000000000

Java frames: (J=compiled Java code, j=interpreted, Vv=VM code)
J 126  java.util.zip.ZipFile.getEntry(J[BZ)J (0 bytes) @ 0x0000000109206858 [0x0000000109206800+0x58]
J 138 C1 java.util.zip.ZipFile.getEntry(Ljava/lang/String;)Ljava/util/zip/ZipEntry; (86 bytes) @ 0x0000000109209f2c [0x0000000109209cc0+0x26c]
J 187 C1 java.util.jar.JarFile.getEntry(Ljava/lang/String;)Ljava/util/zip/ZipEntry; (22 bytes) @ 0x000000010922cb74 [0x000000010922cae0+0x94]
j  sun.net.www.protocol.jar.URLJarFile.getEntry(Ljava/lang/String;)Ljava/util/zip/ZipEntry;+2
j  sun.net.www.protocol.jar.JarURLConnection.connect()V+62
J 4328 C1 sun.net.www.protocol.jar.JarURLConnection.getInputStream()Ljava/io/InputStream; (97 bytes) @ 0x0000000109c3241c [0x0000000109c32380+0x9c]
j  java.net.URLClassLoader.getResourceAsStream(Ljava/lang/String;)Ljava/io/InputStream;+18
j  java.lang.Class.getResourceAsStream(Ljava/lang/String;)Ljava/io/InputStream;+22
j  org.springframework.core.LocalVariableTableParameterNameDiscoverer.inspectClass(Ljava/lang/Class;)Ljava/util/Map;+5
j  org.springframework.core.LocalVariableTableParameterNameDiscoverer.getParameterNames(Ljava/lang/reflect/Constructor;)[Ljava/lang/String;+25
j  org.springframework.core.PrioritizedParameterNameDiscoverer.getParameterNames(Ljava/lang/reflect/Constructor;)[Ljava/lang/String;+31
j  org.springframework.beans.factory.support.ConstructorResolver.autowireConstructor(Ljava/lang/String;Lorg/springframework/beans/factory/support/RootBeanDefinition;[Ljava/lang/reflect/Constructor;[Ljava/lang/Object;)Lorg/springframework/beans/BeanWrapper;+393
j  org.springframework.beans.factory.support.AbstractAutowireCapableBeanFactory.autowireConstructor(Ljava/lang/String;Lorg/springframework/beans/factory/support/RootBeanDefinition;[Ljava/lang/reflect/Constructor;[Ljava/lang/Object;)Lorg/springframework/beans/BeanWrapper;+13
j  org.springframework.beans.factory.support.AbstractAutowireCapableBeanFactory.createBeanInstance(Ljava/lang/String;Lorg/springframework/beans/factory/support/RootBeanDefinition;[Ljava/lang/Object;)Lorg/springframework/beans/BeanWrapper;+202
j  org.springframework.beans.factory.support.AbstractAutowireCapableBeanFactory.doCreateBean(Ljava/lang/String;Lorg/springframework/beans/factory/support/RootBeanDefinition;[Ljava/lang/Object;)Ljava/lang/Object;+34
j  org.springframework.beans.factory.support.AbstractAutowireCapableBeanFactory.createBean(Ljava/lang/String;Lorg/springframework/beans/factory/support/RootBeanDefinition;[Ljava/lang/Object;)Ljava/lang/Object;+169
j  org.springframework.beans.factory.support.AbstractBeanFactory$1.getObject()Ljava/lang/Object;+16
j  org.springframework.beans.factory.support.DefaultSingletonBeanRegistry.getSingleton(Ljava/lang/String;Lorg/springframework/beans/factory/ObjectFactory;)Ljava/lang/Object;+132
j  org.springframework.beans.factory.support.AbstractBeanFactory.doGetBean(Ljava/lang/String;Ljava/lang/Class;[Ljava/lang/Object;Z)Ljava/lang/Object;+375
j  org.springframework.beans.factory.support.AbstractBeanFactory.getBean(Ljava/lang/String;)Ljava/lang/Object;+5
j  org.springframework.beans.factory.support.BeanDefinitionValueResolver.resolveReference(Ljava/lang/Object;Lorg/springframework/beans/factory/config/RuntimeBeanReference;)Ljava/lang/Object;+95
j  org.springframework.beans.factory.support.BeanDefinitionValueResolver.resolveValueIfNecessary(Ljava/lang/Object;Ljava/lang/Object;)Ljava/lang/Object;+15
j  org.springframework.beans.factory.support.AbstractAutowireCapableBeanFactory.applyPropertyValues(Ljava/lang/String;Lorg/springframework/beans/factory/config/BeanDefinition;Lorg/springframework/beans/BeanWrapper;Lorg/springframework/beans/PropertyValues;)V+238
j  org.springframework.beans.factory.support.AbstractAutowireCapableBeanFactory.populateBean(Ljava/lang/String;Lorg/springframework/beans/factory/support/RootBeanDefinition;Lorg/springframework/beans/BeanWrapper;)V+342
j  org.springframework.beans.factory.support.AbstractAutowireCapableBeanFactory.doCreateBean(Ljava/lang/String;Lorg/springframework/beans/factory/support/RootBeanDefinition;[Ljava/lang/Object;)Ljava/lang/Object;+222
j  org.springframework.beans.factory.support.AbstractAutowireCapableBeanFactory.createBean(Ljava/lang/String;Lorg/springframework/beans/factory/support/RootBeanDefinition;[Ljava/lang/Object;)Ljava/lang/Object;+169
j  org.springframework.beans.factory.support.AbstractBeanFactory$1.getObject()Ljava/lang/Object;+16
j  org.springframework.beans.factory.support.DefaultSingletonBeanRegistry.getSingleton(Ljava/lang/String;Lorg/springframework/beans/factory/ObjectFactory;)Ljava/lang/Object;+132
j  org.springframework.beans.factory.support.AbstractBeanFactory.doGetBean(Ljava/lang/String;Ljava/lang/Class;[Ljava/lang/Object;Z)Ljava/lang/Object;+375
j  org.springframework.beans.factory.support.AbstractBeanFactory.getBean(Ljava/lang/String;)Ljava/lang/Object;+5
j  org.springframework.beans.factory.support.BeanDefinitionValueResolver.resolveReference(Ljava/lang/Object;Lorg/springframework/beans/factory/config/RuntimeBeanReference;)Ljava/lang/Object;+95
j  org.springframework.beans.factory.support.BeanDefinitionValueResolver.resolveValueIfNecessary(Ljava/lang/Object;Ljava/lang/Object;)Ljava/lang/Object;+15
j  org.springframework.beans.factory.support.AbstractAutowireCapableBeanFactory.applyPropertyValues(Ljava/lang/String;Lorg/springframework/beans/factory/config/BeanDefinition;Lorg/springframework/beans/BeanWrapper;Lorg/springframework/beans/PropertyValues;)V+238
j  org.springframework.beans.factory.support.AbstractAutowireCapableBeanFactory.populateBean(Ljava/lang/String;Lorg/springframework/beans/factory/support/RootBeanDefinition;Lorg/springframework/beans/BeanWrapper;)V+342
j  org.springframework.beans.factory.support.AbstractAutowireCapableBeanFactory.doCreateBean(Ljava/lang/String;Lorg/springframework/beans/factory/support/RootBeanDefinition;[Ljava/lang/Object;)Ljava/lang/Object;+222
j  org.springframework.beans.factory.support.AbstractAutowireCapableBeanFactory.createBean(Ljava/lang/String;Lorg/springframework/beans/factory/support/RootBeanDefinition;[Ljava/lang/Object;)Ljava/lang/Object;+169
j  org.springframework.beans.factory.support.AbstractBeanFactory$1.getObject()Ljava/lang/Object;+16
j  org.springframework.beans.factory.support.DefaultSingletonBeanRegistry.getSingleton(Ljava/lang/String;Lorg/springframework/beans/factory/ObjectFactory;)Ljava/lang/Object;+132
j  org.springframework.beans.factory.support.AbstractBeanFactory.doGetBean(Ljava/lang/String;Ljava/lang/Class;[Ljava/lang/Object;Z)Ljava/lang/Object;+375
j  org.springframework.beans.factory.support.AbstractBeanFactory.getBean(Ljava/lang/String;)Ljava/lang/Object;+5
j  org.springframework.beans.factory.support.DefaultListableBeanFactory.preInstantiateSingletons()V+231
j  org.springframework.context.support.AbstractApplicationContext.finishBeanFactoryInitialization(Lorg/springframework/beans/factory/config/ConfigurableListableBeanFactory;)V+103
j  org.springframework.context.support.AbstractApplicationContext.refresh()V+54
j  org.springframework.web.context.ContextLoader.configureAndRefreshWebApplicationContext(Lorg/springframework/web/context/ConfigurableWebApplicationContext;Ljavax/servlet/ServletContext;)V+135
j  org.springframework.web.context.ContextLoader.initWebApplicationContext(Ljavax/servlet/ServletContext;)Lorg/springframework/web/context/WebApplicationContext;+132
j  org.springframework.web.context.ContextLoaderListener.contextInitialized(Ljavax/servlet/ServletContextEvent;)V+5
j  org.mortbay.jetty.handler.ContextHandler.startContext()V+62
j  org.mortbay.jetty.servlet.Context.startContext()V+1
j  org.mortbay.jetty.webapp.WebAppContext.startContext()V+123
j  org.mortbay.jetty.handler.ContextHandler.doStart()V+120
j  org.mortbay.jetty.webapp.WebAppContext.doStart()V+170
j  org.mortbay.jetty.plugin.Jetty6PluginWebAppContext.doStart()V+6
j  org.mortbay.component.AbstractLifeCycle.start()V+15
j  org.mortbay.jetty.plugin.AbstractJettyRunMojo$1.filesChanged(Ljava/util/List;)V+255
j  org.mortbay.util.Scanner.reportBulkChanges(Ljava/util/List;)V+38
j  org.mortbay.util.Scanner.reportDifferences(Ljava/util/Map;Ljava/util/Map;)V+345
j  org.mortbay.util.Scanner.scan()V+11
j  org.mortbay.util.Scanner$1.run()V+4
j  java.util.TimerThread.mainLoop()V+221
j  java.util.TimerThread.run()V+1
v  ~StubRoutines::call_stub

---------------  P R O C E S S  ---------------

Java Threads: ( => current thread )
  0x00007f9a34a4e800 JavaThread "Druid-ConnectionPool-Destory-615134039" daemon [_thread_blocked, id=15623, stack(0x0000000129d38000,0x0000000129e38000)]
  0x00007f9a34a4f800 JavaThread "Druid-ConnectionPool-Create-615134039" daemon [_thread_blocked, id=16135, stack(0x00000001274a9000,0x00000001275a9000)]
  0x00007f9a35811000 JavaThread "Abandoned connection cleanup thread" daemon [_thread_blocked, id=14603, stack(0x0000000128a06000,0x0000000128b06000)]
  0x00007f9a3506d000 JavaThread "Timer-2" daemon [_thread_blocked, id=24327, stack(0x0000000127c5d000,0x0000000127d5d000)]
=>0x00007f9a2e414000 JavaThread "Timer-1" daemon [_thread_in_native, id=25351, stack(0x0000000127913000,0x0000000127a13000)]
  0x00007f9a2c186000 JavaThread "Abandoned connection cleanup thread" daemon [_thread_blocked, id=24835, stack(0x0000000127fad000,0x00000001280ad000)]
  0x00007f9a2ef04000 JavaThread "btpool0-1 - Acceptor0 SelectChannelConnector@0.0.0.0:8080" [_thread_in_native, id=23811, stack(0x0000000128903000,0x0000000128a03000)]
  0x00007f9a2eea9000 JavaThread "btpool0-0" [_thread_blocked, id=23299, stack(0x0000000128800000,0x0000000128900000)]
  0x00007f9a2e02d000 JavaThread "Service Thread" daemon [_thread_blocked, id=22275, stack(0x0000000126db2000,0x0000000126eb2000)]
  0x00007f9a2c042000 JavaThread "C1 CompilerThread3" daemon [_thread_blocked, id=21763, stack(0x0000000126caf000,0x0000000126daf000)]
  0x00007f9a2e84a000 JavaThread "C2 CompilerThread2" daemon [_thread_blocked, id=21251, stack(0x0000000126bac000,0x0000000126cac000)]
  0x00007f9a2e839000 JavaThread "C2 CompilerThread1" daemon [_thread_blocked, id=20739, stack(0x0000000126aa9000,0x0000000126ba9000)]
  0x00007f9a2e83e000 JavaThread "C2 CompilerThread0" daemon [_thread_in_native, id=20227, stack(0x00000001269a6000,0x0000000126aa6000)]
  0x00007f9a30000000 JavaThread "JDWP Command Reader" daemon [_thread_in_native, id=19715, stack(0x00000001268a3000,0x00000001269a3000)]
  0x00007f9a2c041000 JavaThread "JDWP Event Helper Thread" daemon [_thread_blocked, id=19203, stack(0x00000001267a0000,0x00000001268a0000)]
  0x00007f9a2e808800 JavaThread "JDWP Transport Listener: dt_socket" daemon [_thread_blocked, id=18691, stack(0x000000012669d000,0x000000012679d000)]
  0x00007f9a2c801000 JavaThread "Signal Dispatcher" daemon [_thread_blocked, id=18215, stack(0x0000000126593000,0x0000000126693000)]
  0x00007f9a2e00c800 JavaThread "Finalizer" daemon [_thread_blocked, id=13571, stack(0x0000000124b8b000,0x0000000124c8b000)]
  0x00007f9a2e00b800 JavaThread "Reference Handler" daemon [_thread_blocked, id=13059, stack(0x0000000124a88000,0x0000000124b88000)]
  0x00007f9a2e006000 JavaThread "main" [_thread_blocked, id=4867, stack(0x0000000108f6a000,0x000000010906a000)]

Other Threads:
  0x00007f9a2e009000 VMThread [stack: 0x0000000124985000,0x0000000124a85000] [id=12547]
  0x00007f9a2c039800 WatcherThread [stack: 0x0000000126eb5000,0x0000000126fb5000] [id=22787]

VM state:not at safepoint (normal execution)

VM Mutex/Monitor currently owned by a thread: None

Heap:
 PSYoungGen      total 225280K, used 5983K [0x000000076ab00000, 0x000000077ec00000, 0x00000007c0000000)
  eden space 208896K, 2% used [0x000000076ab00000,0x000000076b0d7ea8,0x0000000777700000)
  from space 16384K, 0% used [0x0000000777700000,0x0000000777700000,0x0000000778700000)
  to   space 16384K, 0% used [0x000000077dc00000,0x000000077dc00000,0x000000077ec00000)
 ParOldGen       total 110592K, used 18963K [0x00000006c0000000, 0x00000006c6c00000, 0x000000076ab00000)
  object space 110592K, 17% used [0x00000006c0000000,0x00000006c1284ef0,0x00000006c6c00000)
 Metaspace       used 35337K, capacity 36006K, committed 36392K, reserved 1081344K
  class space    used 4066K, capacity 4301K, committed 4400K, reserved 1048576K

Card table byte_map: [0x0000000118477000,0x0000000118c78000] byte_map_base: 0x0000000114e77000

Marking Bits: (ParMarkBitMap*) 0x00000001088c27a0
 Begin Bits: [0x00000001199e6000, 0x000000011d9e6000)
 End Bits:   [0x000000011d9e6000, 0x00000001219e6000)

Polling page: 0x0000000106fcf000

CodeCache: size=245760Kb used=13087Kb max_used=13631Kb free=232672Kb
 bounds [0x00000001090b7000, 0x0000000109e67000, 0x00000001180b7000]
 total_blobs=4211 nmethods=3767 adapters=364
 compilation: enabled

Compilation events (10 events):
Event: 43.368 Thread 0x00007f9a2c042000 4443       3       com.sun.jmx.mbeanserver.MBeanAnalyzer$AttrMethods::<init> (5 bytes)
Event: 43.368 Thread 0x00007f9a2c042000 nmethod 4443 0x0000000109ae7090 code [0x0000000109ae7200, 0x0000000109ae73b0]
Event: 43.368 Thread 0x00007f9a2c042000 4444       3       com.sun.jmx.mbeanserver.MBeanIntrospector::consistent (32 bytes)
Event: 43.368 Thread 0x00007f9a2c042000 nmethod 4444 0x000000010925ff90 code [0x0000000109260140, 0x00000001092605e8]
Event: 43.368 Thread 0x00007f9a2c042000 4445       3       com.sun.jmx.mbeanserver.PerInterface$InitMaps::visitAttribute (101 bytes)
Event: 43.368 Thread 0x00007f9a2c042000 nmethod 4445 0x0000000109d00490 code [0x0000000109d00640, 0x0000000109d00bf8]
Event: 43.368 Thread 0x00007f9a2c042000 4446       1       java.util.Formatter$FixedString::index (3 bytes)
Event: 43.368 Thread 0x00007f9a2c042000 nmethod 4446 0x0000000109ae6dd0 code [0x0000000109ae6f20, 0x0000000109ae7030]
Event: 43.368 Thread 0x00007f9a2c042000 4447       3       java.util.Collections$SetFromMap::contains (11 bytes)
Event: 43.369 Thread 0x00007f9a2c042000 nmethod 4447 0x0000000109d00050 code [0x0000000109d001c0, 0x0000000109d003e8]

GC Heap History (10 events):
Event: 6.895 GC heap before
{Heap before GC invocations=7 (full 1):
 PSYoungGen      total 76288K, used 68779K [0x000000076ab00000, 0x0000000773d80000, 0x00000007c0000000)
  eden space 65536K, 100% used [0x000000076ab00000,0x000000076eb00000,0x000000076eb00000)
  from space 10752K, 30% used [0x000000076eb00000,0x000000076ee2ace0,0x000000076f580000)
  to   space 14336K, 0% used [0x0000000772f80000,0x0000000772f80000,0x0000000773d80000)
 ParOldGen       total 86016K, used 10037K [0x00000006c0000000, 0x00000006c5400000, 0x000000076ab00000)
  object space 86016K, 11% used [0x00000006c0000000,0x00000006c09cd478,0x00000006c5400000)
 Metaspace       used 25840K, capacity 26504K, committed 26800K, reserved 1073152K
  class space    used 3047K, capacity 3202K, committed 3248K, reserved 1048576K
Event: 6.897 GC heap after
Heap after GC invocations=7 (full 1):
 PSYoungGen      total 133632K, used 992K [0x000000076ab00000, 0x0000000773e80000, 0x00000007c0000000)
  eden space 119296K, 0% used [0x000000076ab00000,0x000000076ab00000,0x0000000771f80000)
  from space 14336K, 6% used [0x0000000772f80000,0x0000000773078000,0x0000000773d80000)
  to   space 15872K, 0% used [0x0000000771f80000,0x0000000771f80000,0x0000000772f00000)
 ParOldGen       total 86016K, used 10045K [0x00000006c0000000, 0x00000006c5400000, 0x000000076ab00000)
  object space 86016K, 11% used [0x00000006c0000000,0x00000006c09cf478,0x00000006c5400000)
 Metaspace       used 25840K, capacity 26504K, committed 26800K, reserved 1073152K
  class space    used 3047K, capacity 3202K, committed 3248K, reserved 1048576K
}
Event: 7.179 GC heap before
{Heap before GC invocations=8 (full 1):
 PSYoungGen      total 133632K, used 120288K [0x000000076ab00000, 0x0000000773e80000, 0x00000007c0000000)
  eden space 119296K, 100% used [0x000000076ab00000,0x0000000771f80000,0x0000000771f80000)
  from space 14336K, 6% used [0x0000000772f80000,0x0000000773078000,0x0000000773d80000)
  to   space 15872K, 0% used [0x0000000771f80000,0x0000000771f80000,0x0000000772f00000)
 ParOldGen       total 86016K, used 10045K [0x00000006c0000000, 0x00000006c5400000, 0x000000076ab00000)
  object space 86016K, 11% used [0x00000006c0000000,0x00000006c09cf478,0x00000006c5400000)
 Metaspace       used 25851K, capacity 26504K, committed 26800K, reserved 1073152K
  class space    used 3047K, capacity 3202K, committed 3248K, reserved 1048576K
Event: 7.181 GC heap after
Heap after GC invocations=8 (full 1):
 PSYoungGen      total 135168K, used 1174K [0x000000076ab00000, 0x0000000779b00000, 0x00000007c0000000)
  eden space 119296K, 0% used [0x000000076ab00000,0x000000076ab00000,0x0000000771f80000)
  from space 15872K, 7% used [0x0000000771f80000,0x00000007720a5a18,0x0000000772f00000)
  to   space 16384K, 0% used [0x0000000778b00000,0x0000000778b00000,0x0000000779b00000)
 ParOldGen       total 86016K, used 10053K [0x00000006c0000000, 0x00000006c5400000, 0x000000076ab00000)
  object space 86016K, 11% used [0x00000006c0000000,0x00000006c09d1478,0x00000006c5400000)
 Metaspace       used 25851K, capacity 26504K, committed 26800K, reserved 1073152K
  class space    used 3047K, capacity 3202K, committed 3248K, reserved 1048576K
}
Event: 7.437 GC heap before
{Heap before GC invocations=9 (full 1):
 PSYoungGen      total 135168K, used 120470K [0x000000076ab00000, 0x0000000779b00000, 0x00000007c0000000)
  eden space 119296K, 100% used [0x000000076ab00000,0x0000000771f80000,0x0000000771f80000)
  from space 15872K, 7% used [0x0000000771f80000,0x00000007720a5a18,0x0000000772f00000)
  to   space 16384K, 0% used [0x0000000778b00000,0x0000000778b00000,0x0000000779b00000)
 ParOldGen       total 86016K, used 10053K [0x00000006c0000000, 0x00000006c5400000, 0x000000076ab00000)
  object space 86016K, 11% used [0x00000006c0000000,0x00000006c09d1478,0x00000006c5400000)
 Metaspace       used 25853K, capacity 26504K, committed 26800K, reserved 1073152K
  class space    used 3047K, capacity 3202K, committed 3248K, reserved 1048576K
Event: 7.439 GC heap after
Heap after GC invocations=9 (full 1):
 PSYoungGen      total 221184K, used 992K [0x000000076ab00000, 0x0000000779700000, 0x00000007c0000000)
  eden space 208896K, 0% used [0x000000076ab00000,0x000000076ab00000,0x0000000777700000)
  from space 12288K, 8% used [0x0000000778b00000,0x0000000778bf8000,0x0000000779700000)
  to   space 16384K, 0% used [0x0000000777700000,0x0000000777700000,0x0000000778700000)
 ParOldGen       total 86016K, used 10053K [0x00000006c0000000, 0x00000006c5400000, 0x000000076ab00000)
  object space 86016K, 11% used [0x00000006c0000000,0x00000006c09d1478,0x00000006c5400000)
 Metaspace       used 25853K, capacity 26504K, committed 26800K, reserved 1073152K
  class space    used 3047K, capacity 3202K, committed 3248K, reserved 1048576K
}
Event: 43.120 GC heap before
{Heap before GC invocations=10 (full 1):
 PSYoungGen      total 221184K, used 181926K [0x000000076ab00000, 0x0000000779700000, 0x00000007c0000000)
  eden space 208896K, 86% used [0x000000076ab00000,0x0000000775bb1be0,0x0000000777700000)
  from space 12288K, 8% used [0x0000000778b00000,0x0000000778bf8000,0x0000000779700000)
  to   space 16384K, 0% used [0x0000000777700000,0x0000000777700000,0x0000000778700000)
 ParOldGen       total 86016K, used 10053K [0x00000006c0000000, 0x00000006c5400000, 0x000000076ab00000)
  object space 86016K, 11% used [0x00000006c0000000,0x00000006c09d1478,0x00000006c5400000)
 Metaspace       used 34582K, capacity 35206K, committed 35496K, reserved 1081344K
  class space    used 3985K, capacity 4205K, committed 4272K, reserved 1048576K
Event: 43.129 GC heap after
Heap after GC invocations=10 (full 1):
 PSYoungGen      total 225280K, used 9166K [0x000000076ab00000, 0x000000077ec00000, 0x00000007c0000000)
  eden space 208896K, 0% used [0x000000076ab00000,0x000000076ab00000,0x0000000777700000)
  from space 16384K, 55% used [0x0000000777700000,0x0000000777ff3aa0,0x0000000778700000)
  to   space 16384K, 0% used [0x000000077dc00000,0x000000077dc00000,0x000000077ec00000)
 ParOldGen       total 86016K, used 10845K [0x00000006c0000000, 0x00000006c5400000, 0x000000076ab00000)
  object space 86016K, 12% used [0x00000006c0000000,0x00000006c0a97478,0x00000006c5400000)
 Metaspace       used 34582K, capacity 35206K, committed 35496K, reserved 1081344K
  class space    used 3985K, capacity 4205K, committed 4272K, reserved 1048576K
}
Event: 43.129 GC heap before
{Heap before GC invocations=11 (full 2):
 PSYoungGen      total 225280K, used 9166K [0x000000076ab00000, 0x000000077ec00000, 0x00000007c0000000)
  eden space 208896K, 0% used [0x000000076ab00000,0x000000076ab00000,0x0000000777700000)
  from space 16384K, 55% used [0x0000000777700000,0x0000000777ff3aa0,0x0000000778700000)
  to   space 16384K, 0% used [0x000000077dc00000,0x000000077dc00000,0x000000077ec00000)
 ParOldGen       total 86016K, used 10845K [0x00000006c0000000, 0x00000006c5400000, 0x000000076ab00000)
  object space 86016K, 12% used [0x00000006c0000000,0x00000006c0a97478,0x00000006c5400000)
 Metaspace       used 34582K, capacity 35206K, committed 35496K, reserved 1081344K
  class space    used 3985K, capacity 4205K, committed 4272K, reserved 1048576K
Event: 43.178 GC heap after
Heap after GC invocations=11 (full 2):
 PSYoungGen      total 225280K, used 0K [0x000000076ab00000, 0x000000077ec00000, 0x00000007c0000000)
  eden space 208896K, 0% used [0x000000076ab00000,0x000000076ab00000,0x0000000777700000)
  from space 16384K, 0% used [0x0000000777700000,0x0000000777700000,0x0000000778700000)
  to   space 16384K, 0% used [0x000000077dc00000,0x000000077dc00000,0x000000077ec00000)
 ParOldGen       total 110592K, used 18963K [0x00000006c0000000, 0x00000006c6c00000, 0x000000076ab00000)
  object space 110592K, 17% used [0x00000006c0000000,0x00000006c1284ef0,0x00000006c6c00000)
 Metaspace       used 34582K, capacity 35206K, committed 35496K, reserved 1081344K
  class space    used 3985K, capacity 4205K, committed 4272K, reserved 1048576K
}

Deoptimization events (10 events):
Event: 43.082 Thread 0x00007f9a2e414000 Uncommon trap: reason=unhandled action=none pc=0x00000001096effdc method=java.net.URLClassLoader.findClass(Ljava/lang/String;)Ljava/lang/Class; @ 44
Event: 43.082 Thread 0x00007f9a2e414000 Uncommon trap: reason=unhandled action=none pc=0x00000001096effdc method=java.net.URLClassLoader.findClass(Ljava/lang/String;)Ljava/lang/Class; @ 44
Event: 43.082 Thread 0x00007f9a2e414000 Uncommon trap: reason=unhandled action=none pc=0x00000001096effdc method=java.net.URLClassLoader.findClass(Ljava/lang/String;)Ljava/lang/Class; @ 44
Event: 43.083 Thread 0x00007f9a2e414000 Uncommon trap: reason=unhandled action=none pc=0x00000001096effdc method=java.net.URLClassLoader.findClass(Ljava/lang/String;)Ljava/lang/Class; @ 44
Event: 43.083 Thread 0x00007f9a2e414000 Uncommon trap: reason=unhandled action=none pc=0x00000001096effdc method=java.net.URLClassLoader.findClass(Ljava/lang/String;)Ljava/lang/Class; @ 44
Event: 43.084 Thread 0x00007f9a2e414000 Uncommon trap: reason=unhandled action=none pc=0x00000001096effdc method=java.net.URLClassLoader.findClass(Ljava/lang/String;)Ljava/lang/Class; @ 44
Event: 43.084 Thread 0x00007f9a2e414000 Uncommon trap: reason=unhandled action=none pc=0x00000001096effdc method=java.net.URLClassLoader.findClass(Ljava/lang/String;)Ljava/lang/Class; @ 44
Event: 43.085 Thread 0x00007f9a2e414000 Uncommon trap: reason=unhandled action=none pc=0x00000001096effdc method=java.net.URLClassLoader.findClass(Ljava/lang/String;)Ljava/lang/Class; @ 44
Event: 43.085 Thread 0x00007f9a2e414000 Uncommon trap: reason=unhandled action=none pc=0x00000001096effdc method=java.net.URLClassLoader.findClass(Ljava/lang/String;)Ljava/lang/Class; @ 44
Event: 43.349 Thread 0x00007f9a2e414000 Uncommon trap: reason=class_check action=maybe_recompile pc=0x0000000109c1a710 method=java.util.Hashtable.addEntry(ILjava/lang/Object;Ljava/lang/Object;I)V @ 38

Internal exceptions (10 events):
Event: 43.082 Thread 0x00007f9a2e414000 Exception <a 'java/security/PrivilegedActionException'> (0x0000000775839040) thrown at [/Users/java_re/workspace/8-2-build-macosx-x86_64/jdk8u45/3457/hotspot/src/share/vm/prims/jvm.cpp, line 1382]
Event: 43.082 Thread 0x00007f9a2e414000 Exception <a 'java/security/PrivilegedActionException'> (0x00000007758396a8) thrown at [/Users/java_re/workspace/8-2-build-macosx-x86_64/jdk8u45/3457/hotspot/src/share/vm/prims/jvm.cpp, line 1382]
Event: 43.082 Thread 0x00007f9a2e414000 Exception <a 'java/security/PrivilegedActionException'> (0x00000007758455a0) thrown at [/Users/java_re/workspace/8-2-build-macosx-x86_64/jdk8u45/3457/hotspot/src/share/vm/prims/jvm.cpp, line 1382]
Event: 43.082 Thread 0x00007f9a2e414000 Exception <a 'java/security/PrivilegedActionException'> (0x0000000775845a78) thrown at [/Users/java_re/workspace/8-2-build-macosx-x86_64/jdk8u45/3457/hotspot/src/share/vm/prims/jvm.cpp, line 1382]
Event: 43.083 Thread 0x00007f9a2e414000 Exception <a 'java/security/PrivilegedActionException'> (0x00000007758515c0) thrown at [/Users/java_re/workspace/8-2-build-macosx-x86_64/jdk8u45/3457/hotspot/src/share/vm/prims/jvm.cpp, line 1382]
Event: 43.083 Thread 0x00007f9a2e414000 Exception <a 'java/security/PrivilegedActionException'> (0x0000000775851c28) thrown at [/Users/java_re/workspace/8-2-build-macosx-x86_64/jdk8u45/3457/hotspot/src/share/vm/prims/jvm.cpp, line 1382]
Event: 43.083 Thread 0x00007f9a2e414000 Exception <a 'java/security/PrivilegedActionException'> (0x000000077585dbe0) thrown at [/Users/java_re/workspace/8-2-build-macosx-x86_64/jdk8u45/3457/hotspot/src/share/vm/prims/jvm.cpp, line 1382]
Event: 43.083 Thread 0x00007f9a2e414000 Exception <a 'java/security/PrivilegedActionException'> (0x000000077585e0b8) thrown at [/Users/java_re/workspace/8-2-build-macosx-x86_64/jdk8u45/3457/hotspot/src/share/vm/prims/jvm.cpp, line 1382]
Event: 43.085 Thread 0x00007f9a2e414000 Exception <a 'java/security/PrivilegedActionException'> (0x000000077586a070) thrown at [/Users/java_re/workspace/8-2-build-macosx-x86_64/jdk8u45/3457/hotspot/src/share/vm/prims/jvm.cpp, line 1382]
Event: 43.085 Thread 0x00007f9a2e414000 Exception <a 'java/security/PrivilegedActionException'> (0x000000077586a6d8) thrown at [/Users/java_re/workspace/8-2-build-macosx-x86_64/jdk8u45/3457/hotspot/src/share/vm/prims/jvm.cpp, line 1382]

Events (10 events):
Event: 43.361 Thread 0x00007f9a34a4f800 Thread added: 0x00007f9a34a4f800
Event: 43.362 Thread 0x00007f9a34a4e800 Thread added: 0x00007f9a34a4e800
Event: 43.364 Executing VM operation: RevokeBias
Event: 43.364 Executing VM operation: RevokeBias done
Event: 43.364 Executing VM operation: RevokeBias
Event: 43.364 Executing VM operation: RevokeBias done
Event: 43.364 Executing VM operation: RevokeBias
Event: 43.364 Executing VM operation: RevokeBias done
Event: 43.368 Executing VM operation: RevokeBias
Event: 43.368 Executing VM operation: RevokeBias done


Dynamic libraries:
0x000000000809e000 	/System/Library/Frameworks/Cocoa.framework/Versions/A/Cocoa
0x000000000809e000 	/System/Library/Frameworks/Security.framework/Versions/A/Security
0x000000000809e000 	/System/Library/Frameworks/ApplicationServices.framework/Versions/A/ApplicationServices
0x000000000809e000 	/usr/lib/libz.1.dylib
0x000000000809e000 	/usr/lib/libSystem.B.dylib
0x000000000809e000 	/usr/lib/libobjc.A.dylib
0x000000000809e000 	/System/Library/Frameworks/CoreFoundation.framework/Versions/A/CoreFoundation
0x000000000809e000 	/System/Library/Frameworks/Foundation.framework/Versions/C/Foundation
0x000000000809e000 	/System/Library/Frameworks/AppKit.framework/Versions/C/AppKit
0x000000000809e000 	/System/Library/Frameworks/CoreData.framework/Versions/A/CoreData
0x000000000809e000 	/System/Library/PrivateFrameworks/RemoteViewServices.framework/Versions/A/RemoteViewServices
0x000000000809e000 	/System/Library/PrivateFrameworks/UIFoundation.framework/Versions/A/UIFoundation
0x000000000809e000 	/System/Library/Frameworks/IOSurface.framework/Versions/A/IOSurface
0x000000000809e000 	/System/Library/Frameworks/AudioToolbox.framework/Versions/A/AudioToolbox
0x000000000809e000 	/System/Library/Frameworks/AudioUnit.framework/Versions/A/AudioUnit
0x000000000809e000 	/System/Library/PrivateFrameworks/DataDetectorsCore.framework/Versions/A/DataDetectorsCore
0x000000000809e000 	/System/Library/PrivateFrameworks/DesktopServicesPriv.framework/Versions/A/DesktopServicesPriv
0x000000000809e000 	/System/Library/Frameworks/Carbon.framework/Versions/A/Frameworks/HIToolbox.framework/Versions/A/HIToolbox
0x000000000809e000 	/System/Library/Frameworks/QuartzCore.framework/Versions/A/QuartzCore
0x000000000809e000 	/System/Library/Frameworks/Carbon.framework/Versions/A/Frameworks/SpeechRecognition.framework/Versions/A/SpeechRecognition
0x000000000809e000 	/usr/lib/libauto.dylib
0x000000000809e000 	/usr/lib/libicucore.A.dylib
0x000000000809e000 	/usr/lib/libxml2.2.dylib
0x000000000809e000 	/System/Library/PrivateFrameworks/CoreUI.framework/Versions/A/CoreUI
0x000000000809e000 	/System/Library/Frameworks/CoreAudio.framework/Versions/A/CoreAudio
0x000000000809e000 	/System/Library/Frameworks/DiskArbitration.framework/Versions/A/DiskArbitration
0x000000000809e000 	/usr/lib/liblangid.dylib
0x000000000809e000 	/System/Library/PrivateFrameworks/MultitouchSupport.framework/Versions/A/MultitouchSupport
0x000000000809e000 	/System/Library/Frameworks/IOKit.framework/Versions/A/IOKit
0x000000000809e000 	/usr/lib/libDiagnosticMessagesClient.dylib
0x000000000809e000 	/System/Library/Frameworks/CoreServices.framework/Versions/A/CoreServices
0x000000000809e000 	/System/Library/PrivateFrameworks/PerformanceAnalysis.framework/Versions/A/PerformanceAnalysis
0x000000000809e000 	/System/Library/PrivateFrameworks/GenerationalStorage.framework/Versions/A/GenerationalStorage
0x000000000809e000 	/System/Library/Frameworks/OpenGL.framework/Versions/A/OpenGL
0x000000000809e000 	/System/Library/PrivateFrameworks/Sharing.framework/Versions/A/Sharing
0x000000000809e000 	/System/Library/Frameworks/CoreGraphics.framework/Versions/A/CoreGraphics
0x000000000809e000 	/System/Library/Frameworks/CoreText.framework/Versions/A/CoreText
0x000000000809e000 	/System/Library/Frameworks/ImageIO.framework/Versions/A/ImageIO
0x000000000809e000 	/usr/lib/libextension.dylib
0x000000000809e000 	/System/Library/PrivateFrameworks/Backup.framework/Versions/A/Backup
0x000000000809e000 	/usr/lib/libarchive.2.dylib
0x000000000809e000 	/System/Library/Frameworks/CFNetwork.framework/Versions/A/CFNetwork
0x000000000809e000 	/System/Library/Frameworks/SystemConfiguration.framework/Versions/A/SystemConfiguration
0x000000000809e000 	/usr/lib/libCRFSuite.dylib
0x000000000809e000 	/usr/lib/libc++.1.dylib
0x000000000809e000 	/usr/lib/libc++abi.dylib
0x000000000809e000 	/usr/lib/system/libcache.dylib
0x000000000809e000 	/usr/lib/system/libcommonCrypto.dylib
0x000000000809e000 	/usr/lib/system/libcompiler_rt.dylib
0x000000000809e000 	/usr/lib/system/libcopyfile.dylib
0x000000000809e000 	/usr/lib/system/libcorecrypto.dylib
0x000000000809e000 	/usr/lib/system/libdispatch.dylib
0x000000000809e000 	/usr/lib/system/libdyld.dylib
0x000000000809e000 	/usr/lib/system/libkeymgr.dylib
0x000000000809e000 	/usr/lib/system/liblaunch.dylib
0x000000000809e000 	/usr/lib/system/libmacho.dylib
0x000000000809e000 	/usr/lib/system/libquarantine.dylib
0x000000000809e000 	/usr/lib/system/libremovefile.dylib
0x000000000809e000 	/usr/lib/system/libsystem_asl.dylib
0x000000000809e000 	/usr/lib/system/libsystem_blocks.dylib
0x000000000809e000 	/usr/lib/system/libsystem_c.dylib
0x000000000809e000 	/usr/lib/system/libsystem_configuration.dylib
0x000000000809e000 	/usr/lib/system/libsystem_coreservices.dylib
0x000000000809e000 	/usr/lib/system/libsystem_coretls.dylib
0x000000000809e000 	/usr/lib/system/libsystem_dnssd.dylib
0x000000000809e000 	/usr/lib/system/libsystem_info.dylib
0x000000000809e000 	/usr/lib/system/libsystem_kernel.dylib
0x000000000809e000 	/usr/lib/system/libsystem_m.dylib
0x000000000809e000 	/usr/lib/system/libsystem_malloc.dylib
0x000000000809e000 	/usr/lib/system/libsystem_network.dylib
0x000000000809e000 	/usr/lib/system/libsystem_networkextension.dylib
0x000000000809e000 	/usr/lib/system/libsystem_notify.dylib
0x000000000809e000 	/usr/lib/system/libsystem_platform.dylib
0x000000000809e000 	/usr/lib/system/libsystem_pthread.dylib
0x000000000809e000 	/usr/lib/system/libsystem_sandbox.dylib
0x000000000809e000 	/usr/lib/system/libsystem_secinit.dylib
0x000000000809e000 	/usr/lib/system/libsystem_stats.dylib
0x000000000809e000 	/usr/lib/system/libsystem_trace.dylib
0x000000000809e000 	/usr/lib/system/libunc.dylib
0x000000000809e000 	/usr/lib/system/libunwind.dylib
0x000000000809e000 	/usr/lib/system/libxpc.dylib
0x000000000809e000 	/usr/lib/libbz2.1.0.dylib
0x000000000809e000 	/usr/lib/liblzma.5.dylib
0x000000000809e000 	/usr/lib/libbsm.0.dylib
0x000000000809e000 	/usr/lib/libsqlite3.dylib
0x000000000809e000 	/usr/lib/system/libkxld.dylib
0x000000000809e000 	/usr/lib/libxar.1.dylib
0x000000000809e000 	/usr/lib/libpam.2.dylib
0x000000000809e000 	/usr/lib/libOpenScriptingUtil.dylib
0x000000000809e000 	/System/Library/Frameworks/CoreServices.framework/Versions/A/Frameworks/FSEvents.framework/Versions/A/FSEvents
0x000000000809e000 	/System/Library/Frameworks/CoreServices.framework/Versions/A/Frameworks/CarbonCore.framework/Versions/A/CarbonCore
0x000000000809e000 	/System/Library/Frameworks/CoreServices.framework/Versions/A/Frameworks/Metadata.framework/Versions/A/Metadata
0x000000000809e000 	/System/Library/Frameworks/CoreServices.framework/Versions/A/Frameworks/OSServices.framework/Versions/A/OSServices
0x000000000809e000 	/System/Library/Frameworks/CoreServices.framework/Versions/A/Frameworks/SearchKit.framework/Versions/A/SearchKit
0x000000000809e000 	/System/Library/Frameworks/CoreServices.framework/Versions/A/Frameworks/AE.framework/Versions/A/AE
0x000000000809e000 	/System/Library/Frameworks/CoreServices.framework/Versions/A/Frameworks/LaunchServices.framework/Versions/A/LaunchServices
0x000000000809e000 	/System/Library/Frameworks/CoreServices.framework/Versions/A/Frameworks/DictionaryServices.framework/Versions/A/DictionaryServices
0x000000000809e000 	/System/Library/Frameworks/NetFS.framework/Versions/A/NetFS
0x000000000809e000 	/System/Library/PrivateFrameworks/NetAuth.framework/Versions/A/NetAuth
0x000000000809e000 	/System/Library/PrivateFrameworks/login.framework/Versions/A/Frameworks/loginsupport.framework/Versions/A/loginsupport
0x000000000809e000 	/System/Library/PrivateFrameworks/TCC.framework/Versions/A/TCC
0x000000000809e000 	/usr/lib/libmecabra.dylib
0x000000000809e000 	/System/Library/Frameworks/ApplicationServices.framework/Versions/A/Frameworks/ATS.framework/Versions/A/ATS
0x000000000809e000 	/System/Library/Frameworks/ApplicationServices.framework/Versions/A/Frameworks/ColorSync.framework/Versions/A/ColorSync
0x000000000809e000 	/System/Library/Frameworks/ApplicationServices.framework/Versions/A/Frameworks/HIServices.framework/Versions/A/HIServices
0x000000000809e000 	/System/Library/Frameworks/ApplicationServices.framework/Versions/A/Frameworks/LangAnalysis.framework/Versions/A/LangAnalysis
0x000000000809e000 	/System/Library/Frameworks/ApplicationServices.framework/Versions/A/Frameworks/PrintCore.framework/Versions/A/PrintCore
0x000000000809e000 	/System/Library/Frameworks/ApplicationServices.framework/Versions/A/Frameworks/QD.framework/Versions/A/QD
0x000000000809e000 	/System/Library/Frameworks/ApplicationServices.framework/Versions/A/Frameworks/SpeechSynthesis.framework/Versions/A/SpeechSynthesis
0x000000000809e000 	/System/Library/Frameworks/Accelerate.framework/Versions/A/Accelerate
0x000000000809e000 	/System/Library/Frameworks/Accelerate.framework/Versions/A/Frameworks/vImage.framework/Versions/A/vImage
0x000000000809e000 	/System/Library/Frameworks/Accelerate.framework/Versions/A/Frameworks/vecLib.framework/Versions/A/vecLib
0x000000000809e000 	/System/Library/Frameworks/Accelerate.framework/Versions/A/Frameworks/vecLib.framework/Versions/A/libvDSP.dylib
0x000000000809e000 	/System/Library/Frameworks/Accelerate.framework/Versions/A/Frameworks/vecLib.framework/Versions/A/libvMisc.dylib
0x000000000809e000 	/System/Library/Frameworks/Accelerate.framework/Versions/A/Frameworks/vecLib.framework/Versions/A/libLAPACK.dylib
0x000000000809e000 	/System/Library/Frameworks/Accelerate.framework/Versions/A/Frameworks/vecLib.framework/Versions/A/libBLAS.dylib
0x000000000809e000 	/System/Library/Frameworks/Accelerate.framework/Versions/A/Frameworks/vecLib.framework/Versions/A/libLinearAlgebra.dylib
0x000000000809e000 	/System/Library/Frameworks/ApplicationServices.framework/Versions/A/Frameworks/ATS.framework/Versions/A/Resources/libFontParser.dylib
0x000000000809e000 	/System/Library/Frameworks/ApplicationServices.framework/Versions/A/Frameworks/ATS.framework/Versions/A/Resources/libFontRegistry.dylib
0x000000000809e000 	/System/Library/PrivateFrameworks/AppleVPA.framework/Versions/A/AppleVPA
0x000000000809e000 	/System/Library/PrivateFrameworks/AppleJPEG.framework/Versions/A/AppleJPEG
0x000000000809e000 	/System/Library/Frameworks/ImageIO.framework/Versions/A/Resources/libJPEG.dylib
0x000000000809e000 	/System/Library/Frameworks/ImageIO.framework/Versions/A/Resources/libTIFF.dylib
0x000000000809e000 	/System/Library/Frameworks/ImageIO.framework/Versions/A/Resources/libPng.dylib
0x000000000809e000 	/System/Library/Frameworks/ImageIO.framework/Versions/A/Resources/libGIF.dylib
0x000000000809e000 	/System/Library/Frameworks/ImageIO.framework/Versions/A/Resources/libJP2.dylib
0x000000000809e000 	/System/Library/Frameworks/ImageIO.framework/Versions/A/Resources/libRadiance.dylib
0x000000000809e000 	/System/Library/Frameworks/CoreVideo.framework/Versions/A/CoreVideo
0x000000000809e000 	/System/Library/Frameworks/OpenGL.framework/Versions/A/Libraries/libGLU.dylib
0x000000000809e000 	/System/Library/Frameworks/OpenGL.framework/Versions/A/Libraries/libGFXShared.dylib
0x000000000809e000 	/System/Library/Frameworks/OpenGL.framework/Versions/A/Libraries/libGL.dylib
0x000000000809e000 	/System/Library/Frameworks/OpenGL.framework/Versions/A/Libraries/libGLImage.dylib
0x000000000809e000 	/System/Library/Frameworks/OpenGL.framework/Versions/A/Libraries/libCVMSPluginSupport.dylib
0x000000000809e000 	/System/Library/Frameworks/OpenGL.framework/Versions/A/Libraries/libCoreVMClient.dylib
0x000000000809e000 	/usr/lib/libcups.2.dylib
0x000000000809e000 	/System/Library/Frameworks/Kerberos.framework/Versions/A/Kerberos
0x000000000809e000 	/System/Library/Frameworks/GSS.framework/Versions/A/GSS
0x000000000809e000 	/usr/lib/libresolv.9.dylib
0x000000000809e000 	/usr/lib/libiconv.2.dylib
0x000000000809e000 	/System/Library/PrivateFrameworks/Heimdal.framework/Versions/A/Heimdal
0x000000000809e000 	/usr/lib/libheimdal-asn1.dylib
0x000000000809e000 	/System/Library/Frameworks/OpenDirectory.framework/Versions/A/OpenDirectory
0x000000000809e000 	/System/Library/PrivateFrameworks/CommonAuth.framework/Versions/A/CommonAuth
0x000000000809e000 	/System/Library/Frameworks/OpenDirectory.framework/Versions/A/Frameworks/CFOpenDirectory.framework/Versions/A/CFOpenDirectory
0x000000000809e000 	/System/Library/Frameworks/SecurityFoundation.framework/Versions/A/SecurityFoundation
0x000000000809e000 	/System/Library/PrivateFrameworks/LanguageModeling.framework/Versions/A/LanguageModeling
0x000000000809e000 	/usr/lib/libcmph.dylib
0x000000000809e000 	/System/Library/Frameworks/ServiceManagement.framework/Versions/A/ServiceManagement
0x000000000809e000 	/usr/lib/libxslt.1.dylib
0x000000000809e000 	/System/Library/Frameworks/Carbon.framework/Versions/A/Frameworks/Ink.framework/Versions/A/Ink
0x000000000809e000 	/System/Library/Frameworks/QuartzCore.framework/Versions/A/Frameworks/CoreImage.framework/Versions/A/CoreImage
0x000000000809e000 	/System/Library/PrivateFrameworks/CrashReporterSupport.framework/Versions/A/CrashReporterSupport
0x000000000809e000 	/System/Library/Frameworks/OpenCL.framework/Versions/A/OpenCL
0x000000000809e000 	/System/Library/PrivateFrameworks/FaceCore.framework/Versions/A/FaceCore
0x000000000809e000 	/System/Library/PrivateFrameworks/Ubiquity.framework/Versions/A/Ubiquity
0x000000000809e000 	/System/Library/PrivateFrameworks/IconServices.framework/Versions/A/IconServices
0x000000000809e000 	/System/Library/PrivateFrameworks/ChunkingLibrary.framework/Versions/A/ChunkingLibrary
0x000000000809e000 	/System/Library/PrivateFrameworks/Apple80211.framework/Versions/A/Apple80211
0x000000000809e000 	/System/Library/Frameworks/CoreWLAN.framework/Versions/A/CoreWLAN
0x000000000809e000 	/System/Library/Frameworks/IOBluetooth.framework/Versions/A/IOBluetooth
0x000000000809e000 	/System/Library/PrivateFrameworks/CoreWiFi.framework/Versions/A/CoreWiFi
0x000000000809e000 	/System/Library/Frameworks/CoreBluetooth.framework/Versions/A/CoreBluetooth
0x000000000809e000 	/System/Library/PrivateFrameworks/DebugSymbols.framework/Versions/A/DebugSymbols
0x000000000809e000 	/System/Library/PrivateFrameworks/CoreSymbolication.framework/Versions/A/CoreSymbolication
0x000000000809e000 	/System/Library/PrivateFrameworks/Symbolication.framework/Versions/A/Symbolication
0x000000000809e000 	/System/Library/PrivateFrameworks/SpeechRecognitionCore.framework/Versions/A/SpeechRecognitionCore
0x0000000106eaf000 	/System/Library/CoreServices/Encodings/libSimplifiedChineseConverter.dylib
0x0000000108000000 	/Library/Java/JavaVirtualMachines/jdk1.8.0_45.jdk/Contents/Home/jre/lib/server/libjvm.dylib
0x000000000809e000 	/usr/lib/libstdc++.6.dylib
0x0000000106f8c000 	/Library/Java/JavaVirtualMachines/jdk1.8.0_45.jdk/Contents/Home/jre/lib/libverify.dylib
0x0000000106f9a000 	/Library/Java/JavaVirtualMachines/jdk1.8.0_45.jdk/Contents/Home/jre/lib/libjava.dylib
0x000000010906c000 	/Library/Java/JavaVirtualMachines/jdk1.8.0_45.jdk/Contents/Home/jre/lib/libjdwp.dylib
0x0000000106fd0000 	/Library/Java/JavaVirtualMachines/jdk1.8.0_45.jdk/Contents/Home/jre/lib/libnpt.dylib
0x0000000106fdd000 	/Library/Java/JavaVirtualMachines/jdk1.8.0_45.jdk/Contents/Home/jre/lib/libzip.dylib
0x0000000106fe7000 	/System/Library/Frameworks/JavaVM.framework/Frameworks/JavaRuntimeSupport.framework/JavaRuntimeSupport
0x0000000124c8d000 	/System/Library/Frameworks/JavaVM.framework/Versions/A/Frameworks/JavaNativeFoundation.framework/Versions/A/JavaNativeFoundation
0x0000000124ca1000 	/System/Library/Frameworks/JavaVM.framework/Versions/A/JavaVM
0x000000000809e000 	/System/Library/Frameworks/Carbon.framework/Versions/A/Carbon
0x0000000124cad000 	/System/Library/PrivateFrameworks/JavaLaunching.framework/Versions/A/JavaLaunching
0x000000000809e000 	/System/Library/Frameworks/Carbon.framework/Versions/A/Frameworks/CommonPanels.framework/Versions/A/CommonPanels
0x000000000809e000 	/System/Library/Frameworks/Carbon.framework/Versions/A/Frameworks/Help.framework/Versions/A/Help
0x000000000809e000 	/System/Library/Frameworks/Carbon.framework/Versions/A/Frameworks/ImageCapture.framework/Versions/A/ImageCapture
0x000000000809e000 	/System/Library/Frameworks/Carbon.framework/Versions/A/Frameworks/OpenScripting.framework/Versions/A/OpenScripting
0x000000000809e000 	/System/Library/Frameworks/Carbon.framework/Versions/A/Frameworks/Print.framework/Versions/A/Print
0x000000000809e000 	/System/Library/Frameworks/Carbon.framework/Versions/A/Frameworks/SecurityHI.framework/Versions/A/SecurityHI
0x0000000126695000 	/Library/Java/JavaVirtualMachines/jdk1.8.0_45.jdk/Contents/Home/jre/lib/libdt_socket.dylib
0x00000001272a9000 	/Library/Java/JavaVirtualMachines/jdk1.8.0_45.jdk/Contents/Home/jre/lib/libnet.dylib
0x00000001272e4000 	/Library/Java/JavaVirtualMachines/jdk1.8.0_45.jdk/Contents/Home/jre/lib/libnio.dylib
0x00000001270f7000 	/Library/Java/JavaVirtualMachines/jdk1.8.0_45.jdk/Contents/Home/jre/lib/libmanagement.dylib

VM Arguments:
jvm_args: -Xdebug -Xnoagent -Djava.compiler=NONE -Xrunjdwp:transport=dt_socket,address=8000,server=y,suspend=y -Dclassworlds.conf=/Users/yangjiankang/apache-maven-3.3.3/bin/m2.conf -Dmaven.home=/Users/yangjiankang/apache-maven-3.3.3 -Dmaven.multiModuleProjectDirectory=/Users/yangjiankang/Documents/workspace/jossv/base/server 
java_command: org.codehaus.plexus.classworlds.launcher.Launcher jetty:run
java_class_path (initial): /Users/yangjiankang/apache-maven-3.3.3/boot/plexus-classworlds-2.5.2.jar
Launcher Type: SUN_STANDARD

Environment Variables:
JAVA_HOME=/Library/Java/JavaVirtualMachines/jdk1.8.0_45.jdk/Contents/Home
PATH=/usr/bin:/bin:/usr/sbin:/sbin
SHELL=/bin/bash

Signal Handlers:
SIGSEGV: [libjvm.dylib+0x58ef95], sa_mask[0]=11111111011111110111111111111111, sa_flags=SA_ONSTACK|SA_RESTART|SA_SIGINFO
SIGBUS: [libjvm.dylib+0x58ef95], sa_mask[0]=11111111011111110111111111111111, sa_flags=SA_RESTART|SA_SIGINFO
SIGFPE: [libjvm.dylib+0x46c108], sa_mask[0]=11111111011111110111111111111111, sa_flags=SA_RESTART|SA_SIGINFO
SIGPIPE: [libjvm.dylib+0x46c108], sa_mask[0]=11111111011111110111111111111111, sa_flags=SA_RESTART|SA_SIGINFO
SIGXFSZ: [libjvm.dylib+0x46c108], sa_mask[0]=11111111011111110111111111111111, sa_flags=SA_RESTART|SA_SIGINFO
SIGILL: [libjvm.dylib+0x46c108], sa_mask[0]=11111111011111110111111111111111, sa_flags=SA_RESTART|SA_SIGINFO
SIGUSR1: SIG_DFL, sa_mask[0]=00000000000000000000000000000000, sa_flags=none
SIGUSR2: [libjvm.dylib+0x46bc26], sa_mask[0]=00100000000000000000000000000000, sa_flags=SA_RESTART|SA_SIGINFO
SIGHUP: [libjvm.dylib+0x46a1f9], sa_mask[0]=11111111011111110111111111111111, sa_flags=SA_RESTART|SA_SIGINFO
SIGINT: [libjvm.dylib+0x46a1f9], sa_mask[0]=11111111011111110111111111111111, sa_flags=SA_RESTART|SA_SIGINFO
SIGTERM: [libjvm.dylib+0x46a1f9], sa_mask[0]=11111111011111110111111111111111, sa_flags=SA_RESTART|SA_SIGINFO
SIGQUIT: [libjvm.dylib+0x46a1f9], sa_mask[0]=11111111011111110111111111111111, sa_flags=SA_RESTART|SA_SIGINFO


---------------  S Y S T E M  ---------------

OS:Bsduname:Darwin 14.5.0 Darwin Kernel Version 14.5.0: Wed Jul 29 02:26:53 PDT 2015; root:xnu-2782.40.9~1/RELEASE_X86_64 x86_64
rlimit: STACK 8192k, CORE 0k, NPROC 709, NOFILE 10240, AS infinity
load average:2.37 2.53 2.70

CPU:total 8 (4 cores per cpu, 2 threads per core) family 6 model 70 stepping 1, cmov, cx8, fxsr, mmx, sse, sse2, sse3, ssse3, sse4.1, sse4.2, popcnt, avx, avx2, aes, clmul, erms, lzcnt, ht, tsc, tscinvbit, bmi1, bmi2

Memory: 4k page, physical 16777216k(299164k free)

/proc/meminfo:


vm_info: Java HotSpot(TM) 64-Bit Server VM (25.45-b02) for bsd-amd64 JRE (1.8.0_45-b14), built on Apr 10 2015 10:46:38 by "java_re" with gcc 4.2.1 (Based on Apple Inc. build 5658) (LLVM build 2336.11.00)

time: Thu Nov 19 09:12:34 2015
elapsed time: 43 seconds (0d 0h 0m 43s)

